<?xml version="1.0" encoding="UTF-8"?>
<testng-results ignored="0" total="1" passed="1" failed="0" skipped="0">
  <reporter-output>
  </reporter-output>
  <suite started-at="2024-12-27T07:11:28 IST" name="Suite" finished-at="2024-12-27T07:11:33 IST" duration-ms="4925">
    <groups>
    </groups>
    <test started-at="2024-12-27T07:11:28 IST" name="Test" finished-at="2024-12-27T07:11:33 IST" duration-ms="4925">
      <class name="mavenforjenkins.UITest">
        <test-method signature="setup()[pri:0, instance:mavenforjenkins.UITest@c267ef4]" started-at="2024-12-27T07:11:29 IST" name="setup" finished-at="2024-12-27T07:11:33 IST" duration-ms="4859" status="PASS">
          <reporter-output>
          </reporter-output>
        </test-method> <!-- setup -->
      </class> <!-- mavenforjenkins.UITest -->
    </test> <!-- Test -->
  </suite> <!-- Suite -->
</testng-results>
