<?xml version="1.0" encoding="UTF-8"?>
<testng-results ignored="0" total="1" passed="1" failed="0" skipped="0">
  <reporter-output>
  </reporter-output>
  <suite started-at="2024-12-26T22:44:08 IST" name="Suite" finished-at="2024-12-26T22:44:12 IST" duration-ms="4031">
    <groups>
    </groups>
    <test started-at="2024-12-26T22:44:08 IST" name="Test" finished-at="2024-12-26T22:44:12 IST" duration-ms="4031">
      <class name="mavenforjenkins.UITest">
        <test-method signature="setup()[pri:0, instance:mavenforjenkins.UITest@10e31a9a]" started-at="2024-12-26T22:44:08 IST" name="setup" finished-at="2024-12-26T22:44:12 IST" duration-ms="3966" status="PASS">
          <reporter-output>
          </reporter-output>
        </test-method> <!-- setup -->
      </class> <!-- mavenforjenkins.UITest -->
    </test> <!-- Test -->
  </suite> <!-- Suite -->
</testng-results>
